<?xml version="1.0" encoding="UTF-8"?>
<!-- Generated by org.testng.reporters.JUnitReportReporter -->
<testsuite hostname="DESKTOP-PHR4EC1" name="regSuite_Tests.SampleTests" tests="1" failures="0" timestamp="18 Sep 2020 13:20:50 GMT" time="7.833" errors="0">
  <testcase name="searchABook" time="7.833" classname="regSuite_Tests.SampleTests"/>
</testsuite> <!-- regSuite_Tests.SampleTests -->
